  [1m[36m (63.1ms)[0m  [1mCREATE TABLE "schema_migrations" ("version" varchar NOT NULL) [0m
  [1m[35m (0.1ms)[0m  select sqlite_version(*)
  [1m[36m (64.5ms)[0m  [1mCREATE UNIQUE INDEX "unique_schema_migrations" ON "schema_migrations" ("version")[0m
  [1m[35mActiveRecord::SchemaMigration Load (0.2ms)[0m  SELECT "schema_migrations".* FROM "schema_migrations"
Migrating to CreateMovies (20150809022253)
  [1m[36m (0.1ms)[0m  [1mbegin transaction[0m
DEPRECATION WARNING: `#timestamps` was called without specifying an option for `null`. In Rails 5, this behavior will change to `null: false`. You should manually specify `null: true` to prevent the behavior of your existing migrations from changing. (called from block in change at /home/codio/workspace/rottenpotatoes-rails-intro/db/migrate/20150809022253_create_movies.rb:10)
  [1m[35m (0.4ms)[0m  CREATE TABLE "movies" ("id" INTEGER PRIMARY KEY AUTOINCREMENT NOT NULL, "title" varchar, "rating" varchar, "description" text, "release_date" datetime, "created_at" datetime, "updated_at" datetime) 
  [1m[36mSQL (0.3ms)[0m  [1mINSERT INTO "schema_migrations" ("version") VALUES (?)[0m  [["version", "20150809022253"]]
  [1m[35m (61.2ms)[0m  commit transaction
  [1m[36mActiveRecord::SchemaMigration Load (0.1ms)[0m  [1mSELECT "schema_migrations".* FROM "schema_migrations"[0m
  [1m[36mActiveRecord::SchemaMigration Load (0.1ms)[0m  [1mSELECT "schema_migrations".* FROM "schema_migrations"[0m
  [1m[35m (0.0ms)[0m  begin transaction
  [1m[36mSQL (0.3ms)[0m  [1mINSERT INTO "movies" ("title", "rating", "release_date", "created_at", "updated_at") VALUES (?, ?, ?, ?, ?)[0m  [["title", "Aladdin"], ["rating", "G"], ["release_date", "1992-11-25 00:00:00.000000"], ["created_at", "2022-10-04 00:00:33.988959"], ["updated_at", "2022-10-04 00:00:33.988959"]]
  [1m[35m (56.3ms)[0m  commit transaction
  [1m[36m (0.1ms)[0m  [1mbegin transaction[0m
  [1m[35mSQL (0.2ms)[0m  INSERT INTO "movies" ("title", "rating", "release_date", "created_at", "updated_at") VALUES (?, ?, ?, ?, ?)  [["title", "The Terminator"], ["rating", "R"], ["release_date", "1984-10-26 00:00:00.000000"], ["created_at", "2022-10-04 00:00:34.047571"], ["updated_at", "2022-10-04 00:00:34.047571"]]
  [1m[36m (64.9ms)[0m  [1mcommit transaction[0m
  [1m[35m (0.1ms)[0m  begin transaction
  [1m[36mSQL (0.2ms)[0m  [1mINSERT INTO "movies" ("title", "rating", "release_date", "created_at", "updated_at") VALUES (?, ?, ?, ?, ?)[0m  [["title", "When Harry Met Sally"], ["rating", "R"], ["release_date", "1989-07-21 00:00:00.000000"], ["created_at", "2022-10-04 00:00:34.114465"], ["updated_at", "2022-10-04 00:00:34.114465"]]
  [1m[35m (61.3ms)[0m  commit transaction
  [1m[36m (0.1ms)[0m  [1mbegin transaction[0m
  [1m[35mSQL (0.2ms)[0m  INSERT INTO "movies" ("title", "rating", "release_date", "created_at", "updated_at") VALUES (?, ?, ?, ?, ?)  [["title", "The Help"], ["rating", "PG-13"], ["release_date", "2011-08-10 00:00:00.000000"], ["created_at", "2022-10-04 00:00:34.177653"], ["updated_at", "2022-10-04 00:00:34.177653"]]
  [1m[36m (59.0ms)[0m  [1mcommit transaction[0m
  [1m[35m (0.0ms)[0m  begin transaction
  [1m[36mSQL (0.2ms)[0m  [1mINSERT INTO "movies" ("title", "rating", "release_date", "created_at", "updated_at") VALUES (?, ?, ?, ?, ?)[0m  [["title", "Chocolat"], ["rating", "PG-13"], ["release_date", "2001-01-05 00:00:00.000000"], ["created_at", "2022-10-04 00:00:34.238389"], ["updated_at", "2022-10-04 00:00:34.238389"]]
  [1m[35m (57.8ms)[0m  commit transaction
  [1m[36m (0.1ms)[0m  [1mbegin transaction[0m
  [1m[35mSQL (0.2ms)[0m  INSERT INTO "movies" ("title", "rating", "release_date", "created_at", "updated_at") VALUES (?, ?, ?, ?, ?)  [["title", "Amelie"], ["rating", "R"], ["release_date", "2001-04-25 00:00:00.000000"], ["created_at", "2022-10-04 00:00:34.298038"], ["updated_at", "2022-10-04 00:00:34.298038"]]
  [1m[36m (58.8ms)[0m  [1mcommit transaction[0m
  [1m[35m (0.1ms)[0m  begin transaction
  [1m[36mSQL (0.3ms)[0m  [1mINSERT INTO "movies" ("title", "rating", "release_date", "created_at", "updated_at") VALUES (?, ?, ?, ?, ?)[0m  [["title", "2001: A Space Odyssey"], ["rating", "G"], ["release_date", "1968-04-06 00:00:00.000000"], ["created_at", "2022-10-04 00:00:34.358605"], ["updated_at", "2022-10-04 00:00:34.358605"]]
  [1m[35m (61.2ms)[0m  commit transaction
  [1m[36m (0.1ms)[0m  [1mbegin transaction[0m
  [1m[35mSQL (0.2ms)[0m  INSERT INTO "movies" ("title", "rating", "release_date", "created_at", "updated_at") VALUES (?, ?, ?, ?, ?)  [["title", "The Incredibles"], ["rating", "PG"], ["release_date", "2004-11-05 00:00:00.000000"], ["created_at", "2022-10-04 00:00:34.421674"], ["updated_at", "2022-10-04 00:00:34.421674"]]
  [1m[36m (69.0ms)[0m  [1mcommit transaction[0m
  [1m[35m (0.0ms)[0m  begin transaction
  [1m[36mSQL (0.2ms)[0m  [1mINSERT INTO "movies" ("title", "rating", "release_date", "created_at", "updated_at") VALUES (?, ?, ?, ?, ?)[0m  [["title", "Raiders of the Lost Ark"], ["rating", "PG"], ["release_date", "1981-06-12 00:00:00.000000"], ["created_at", "2022-10-04 00:00:34.492420"], ["updated_at", "2022-10-04 00:00:34.492420"]]
  [1m[35m (72.1ms)[0m  commit transaction
  [1m[36m (0.1ms)[0m  [1mbegin transaction[0m
  [1m[35mSQL (0.2ms)[0m  INSERT INTO "movies" ("title", "rating", "release_date", "created_at", "updated_at") VALUES (?, ?, ?, ?, ?)  [["title", "Chicken Run"], ["rating", "G"], ["release_date", "2000-06-21 00:00:00.000000"], ["created_at", "2022-10-04 00:00:34.566258"], ["updated_at", "2022-10-04 00:00:34.566258"]]
  [1m[36m (55.7ms)[0m  [1mcommit transaction[0m


Started GET "/" for 2601:643:8680:9790::8cb at 2022-10-04 00:02:24 +0000
Cannot render console from 2601:643:8680:9790::8cb! Allowed networks: 127.0.0.1, ::1, 127.0.0.0/127.255.255.255
  [1m[36mActiveRecord::SchemaMigration Load (0.1ms)[0m  [1mSELECT "schema_migrations".* FROM "schema_migrations"[0m
Processing by MoviesController#index as HTML
  [1m[35mMovie Load (0.2ms)[0m  SELECT "movies".* FROM "movies"
  Rendered movies/index.html.erb within layouts/application (7.9ms)
  Rendered layouts/_flash.erb (0.4ms)
Completed 200 OK in 325ms (Views: 323.5ms | ActiveRecord: 0.5ms)


Started GET "/assets/application.self-e80e8f2318043e8af94dddc2adad5a4f09739a8ebb323b3ab31cd71d45fd9113.css?body=1" for 2601:643:8680:9790::8cb at 2022-10-04 00:02:25 +0000
Cannot render console from 2601:643:8680:9790::8cb! Allowed networks: 127.0.0.1, ::1, 127.0.0.0/127.255.255.255


Started GET "/assets/jquery_ujs.self-784a997f6726036b1993eb2217c9cb558e1cbb801c6da88105588c56f13b466a.js?body=1" for 2601:643:8680:9790::8cb at 2022-10-04 00:02:25 +0000
Cannot render console from 2601:643:8680:9790::8cb! Allowed networks: 127.0.0.1, ::1, 127.0.0.0/127.255.255.255


Started GET "/assets/jquery.self-bd7ddd393353a8d2480a622e80342adf488fb6006d667e8b42e4c0073393abee.js?body=1" for 2601:643:8680:9790::8cb at 2022-10-04 00:02:25 +0000
Cannot render console from 2601:643:8680:9790::8cb! Allowed networks: 127.0.0.1, ::1, 127.0.0.0/127.255.255.255


Started GET "/assets/application.self-377610cd7c1509e934744c810e3b4cf672dfbcacac3274e7d039827e2ae0fcc7.js?body=1" for 2601:643:8680:9790::8cb at 2022-10-04 00:02:25 +0000
Cannot render console from 2601:643:8680:9790::8cb! Allowed networks: 127.0.0.1, ::1, 127.0.0.0/127.255.255.255


Started GET "/" for 2601:643:8680:9790::8cb at 2022-10-04 00:42:57 +0000
Cannot render console from 2601:643:8680:9790::8cb! Allowed networks: 127.0.0.1, ::1, 127.0.0.0/127.255.255.255

SyntaxError (/home/codio/workspace/rottenpotatoes-rails-intro/app/controllers/movies_controller.rb:54: syntax error, unexpected end-of-input, expecting end):
  app/controllers/movies_controller.rb:54: syntax error, unexpected end-of-input, expecting end


  Rendered /home/codio/.rvm/gems/ruby-2.6.6/gems/actionpack-4.2.11/lib/action_dispatch/middleware/templates/rescues/_source.erb (18.1ms)
  Rendered /home/codio/.rvm/gems/ruby-2.6.6/gems/actionpack-4.2.11/lib/action_dispatch/middleware/templates/rescues/_trace.html.erb (3.7ms)
  Rendered /home/codio/.rvm/gems/ruby-2.6.6/gems/actionpack-4.2.11/lib/action_dispatch/middleware/templates/rescues/_request_and_response.html.erb (2.1ms)
  Rendered /home/codio/.rvm/gems/ruby-2.6.6/gems/actionpack-4.2.11/lib/action_dispatch/middleware/templates/rescues/diagnostics.html.erb within rescues/layout (35.4ms)


Started GET "/" for 2601:643:8680:9790::8cb at 2022-10-04 00:43:09 +0000
Cannot render console from 2601:643:8680:9790::8cb! Allowed networks: 127.0.0.1, ::1, 127.0.0.0/127.255.255.255
Processing by MoviesController#index as HTML
  [1m[36mMovie Load (0.4ms)[0m  [1mSELECT "movies".* FROM "movies"[0m
  Rendered movies/index.html.erb within layouts/application (20.6ms)
Completed 500 Internal Server Error in 31ms (ActiveRecord: 0.7ms)

ActionView::Template::Error (undefined method `each' for nil:NilClass):
    35: 
    36: <%= form_tag movies_path, method: :get, id: 'ratings_form' do %>
    37:   Include:
    38:   <% @all_ratings.each do |rating| %>
    39:     <div class="form-check  form-check-inline">
    40:       <%= label_tag "ratings[#{rating}]", rating, class: 'form-check-label' %>
    41:       <%= check_box_tag "ratings[#{rating}]", "1",  @ratings_to_show.include?(rating), class: 'form-check-input' %>
  app/views/movies/index.html.erb:38:in `block in _app_views_movies_index_html_erb__1228033247758724440_69826850926560'
  app/views/movies/index.html.erb:36:in `_app_views_movies_index_html_erb__1228033247758724440_69826850926560'


  Rendered /home/codio/.rvm/gems/ruby-2.6.6/gems/actionpack-4.2.11/lib/action_dispatch/middleware/templates/rescues/_source.erb (5.9ms)
  Rendered /home/codio/.rvm/gems/ruby-2.6.6/gems/actionpack-4.2.11/lib/action_dispatch/middleware/templates/rescues/_trace.html.erb (2.5ms)
  Rendered /home/codio/.rvm/gems/ruby-2.6.6/gems/actionpack-4.2.11/lib/action_dispatch/middleware/templates/rescues/_request_and_response.html.erb (1.0ms)
  Rendered /home/codio/.rvm/gems/ruby-2.6.6/gems/actionpack-4.2.11/lib/action_dispatch/middleware/templates/rescues/template_error.html.erb within rescues/layout (16.5ms)


Started GET "/" for 2601:643:8680:9790::8cb at 2022-10-04 00:43:57 +0000
Cannot render console from 2601:643:8680:9790::8cb! Allowed networks: 127.0.0.1, ::1, 127.0.0.0/127.255.255.255
Processing by MoviesController#index as HTML
  [1m[35mMovie Load (0.4ms)[0m  SELECT "movies".* FROM "movies"
  Rendered movies/index.html.erb within layouts/application (9.1ms)
Completed 500 Internal Server Error in 16ms (ActiveRecord: 0.8ms)

ActionView::Template::Error (undefined method `each' for nil:NilClass):
    35: 
    36: <%= form_tag movies_path, method: :get, id: 'ratings_form' do %>
    37:   Include:
    38:   <% @all_ratings.each do |rating| %>
    39:     <div class="form-check  form-check-inline">
    40:       <%= label_tag "ratings[#{rating}]", rating, class: 'form-check-label' %>
    41:       <%= check_box_tag "ratings[#{rating}]", "1",  @ratings_to_show.include?(rating), class: 'form-check-input' %>
  app/views/movies/index.html.erb:38:in `block in _app_views_movies_index_html_erb__1228033247758724440_69826850926560'
  app/views/movies/index.html.erb:36:in `_app_views_movies_index_html_erb__1228033247758724440_69826850926560'


  Rendered /home/codio/.rvm/gems/ruby-2.6.6/gems/actionpack-4.2.11/lib/action_dispatch/middleware/templates/rescues/_source.erb (7.3ms)
  Rendered /home/codio/.rvm/gems/ruby-2.6.6/gems/actionpack-4.2.11/lib/action_dispatch/middleware/templates/rescues/_trace.html.erb (3.4ms)
  Rendered /home/codio/.rvm/gems/ruby-2.6.6/gems/actionpack-4.2.11/lib/action_dispatch/middleware/templates/rescues/_request_and_response.html.erb (1.7ms)
  Rendered /home/codio/.rvm/gems/ruby-2.6.6/gems/actionpack-4.2.11/lib/action_dispatch/middleware/templates/rescues/template_error.html.erb within rescues/layout (22.7ms)


Started GET "/" for 2601:643:8680:9790::8cb at 2022-10-04 00:44:19 +0000
Cannot render console from 2601:643:8680:9790::8cb! Allowed networks: 127.0.0.1, ::1, 127.0.0.0/127.255.255.255
Processing by MoviesController#index as HTML
  [1m[36mMovie Load (0.3ms)[0m  [1mSELECT "movies".* FROM "movies"[0m
  Rendered movies/index.html.erb within layouts/application (7.8ms)
Completed 500 Internal Server Error in 12ms (ActiveRecord: 0.6ms)

ActionView::Template::Error (undefined method `each' for nil:NilClass):
    35: 
    36: <%= form_tag movies_path, method: :get, id: 'ratings_form' do %>
    37:   Include:
    38:   <% @all_ratings.each do |rating| %>
    39:     <div class="form-check  form-check-inline">
    40:       <%= label_tag "ratings[#{rating}]", rating, class: 'form-check-label' %>
    41:       <%= check_box_tag "ratings[#{rating}]", "1",  @ratings_to_show.include?(rating), class: 'form-check-input' %>
  app/views/movies/index.html.erb:38:in `block in _app_views_movies_index_html_erb__1228033247758724440_69826850926560'
  app/views/movies/index.html.erb:36:in `_app_views_movies_index_html_erb__1228033247758724440_69826850926560'


  Rendered /home/codio/.rvm/gems/ruby-2.6.6/gems/actionpack-4.2.11/lib/action_dispatch/middleware/templates/rescues/_source.erb (6.0ms)
  Rendered /home/codio/.rvm/gems/ruby-2.6.6/gems/actionpack-4.2.11/lib/action_dispatch/middleware/templates/rescues/_trace.html.erb (2.3ms)
  Rendered /home/codio/.rvm/gems/ruby-2.6.6/gems/actionpack-4.2.11/lib/action_dispatch/middleware/templates/rescues/_request_and_response.html.erb (0.9ms)
  Rendered /home/codio/.rvm/gems/ruby-2.6.6/gems/actionpack-4.2.11/lib/action_dispatch/middleware/templates/rescues/template_error.html.erb within rescues/layout (16.4ms)


Started GET "/" for 2601:643:8680:9790::8cb at 2022-10-04 00:44:39 +0000
Cannot render console from 2601:643:8680:9790::8cb! Allowed networks: 127.0.0.1, ::1, 127.0.0.0/127.255.255.255
Processing by MoviesController#index as HTML
  [1m[35mMovie Load (0.3ms)[0m  SELECT "movies".* FROM "movies"
  Rendered movies/index.html.erb within layouts/application (7.4ms)
Completed 500 Internal Server Error in 12ms (ActiveRecord: 0.6ms)

ActionView::Template::Error (undefined method `each' for nil:NilClass):
    35: 
    36: <%= form_tag movies_path, method: :get, id: 'ratings_form' do %>
    37:   Include:
    38:   <% @all_ratings.each do |rating| %>
    39:     <div class="form-check  form-check-inline">
    40:       <%= label_tag "ratings[#{rating}]", rating, class: 'form-check-label' %>
    41:       <%= check_box_tag "ratings[#{rating}]", "1",  @ratings_to_show.include?(rating), class: 'form-check-input' %>
  app/views/movies/index.html.erb:38:in `block in _app_views_movies_index_html_erb__1228033247758724440_69826850926560'
  app/views/movies/index.html.erb:36:in `_app_views_movies_index_html_erb__1228033247758724440_69826850926560'


  Rendered /home/codio/.rvm/gems/ruby-2.6.6/gems/actionpack-4.2.11/lib/action_dispatch/middleware/templates/rescues/_source.erb (21.8ms)
  Rendered /home/codio/.rvm/gems/ruby-2.6.6/gems/actionpack-4.2.11/lib/action_dispatch/middleware/templates/rescues/_trace.html.erb (2.8ms)
  Rendered /home/codio/.rvm/gems/ruby-2.6.6/gems/actionpack-4.2.11/lib/action_dispatch/middleware/templates/rescues/_request_and_response.html.erb (1.1ms)
  Rendered /home/codio/.rvm/gems/ruby-2.6.6/gems/actionpack-4.2.11/lib/action_dispatch/middleware/templates/rescues/template_error.html.erb within rescues/layout (33.2ms)


Started GET "/" for 2601:643:8680:9790::8cb at 2022-10-04 00:45:01 +0000
Cannot render console from 2601:643:8680:9790::8cb! Allowed networks: 127.0.0.1, ::1, 127.0.0.0/127.255.255.255
Processing by MoviesController#index as HTML
  [1m[36mMovie Load (0.3ms)[0m  [1mSELECT "movies".* FROM "movies"[0m
  Rendered movies/index.html.erb within layouts/application (7.3ms)
Completed 500 Internal Server Error in 11ms (ActiveRecord: 0.6ms)

ActionView::Template::Error (undefined method `each' for nil:NilClass):
    35: 
    36: <%= form_tag movies_path, method: :get, id: 'ratings_form' do %>
    37:   Include:
    38:   <% @all_ratings.each do |rating| %>
    39:     <div class="form-check  form-check-inline">
    40:       <%= label_tag "ratings[#{rating}]", rating, class: 'form-check-label' %>
    41:       <%= check_box_tag "ratings[#{rating}]", "1",  @ratings_to_show.include?(rating), class: 'form-check-input' %>
  app/views/movies/index.html.erb:38:in `block in _app_views_movies_index_html_erb__1228033247758724440_69826850926560'
  app/views/movies/index.html.erb:36:in `_app_views_movies_index_html_erb__1228033247758724440_69826850926560'


  Rendered /home/codio/.rvm/gems/ruby-2.6.6/gems/actionpack-4.2.11/lib/action_dispatch/middleware/templates/rescues/_source.erb (6.1ms)
  Rendered /home/codio/.rvm/gems/ruby-2.6.6/gems/actionpack-4.2.11/lib/action_dispatch/middleware/templates/rescues/_trace.html.erb (2.5ms)
  Rendered /home/codio/.rvm/gems/ruby-2.6.6/gems/actionpack-4.2.11/lib/action_dispatch/middleware/templates/rescues/_request_and_response.html.erb (1.0ms)
  Rendered /home/codio/.rvm/gems/ruby-2.6.6/gems/actionpack-4.2.11/lib/action_dispatch/middleware/templates/rescues/template_error.html.erb within rescues/layout (17.1ms)


Started GET "/" for 2601:643:8680:9790::8cb at 2022-10-04 00:47:54 +0000
Cannot render console from 2601:643:8680:9790::8cb! Allowed networks: 127.0.0.1, ::1, 127.0.0.0/127.255.255.255
Processing by MoviesController#index as HTML
  [1m[35mMovie Load (0.3ms)[0m  SELECT "movies".* FROM "movies"
  Rendered movies/index.html.erb within layouts/application (6.9ms)
Completed 500 Internal Server Error in 11ms (ActiveRecord: 0.5ms)

ActionView::Template::Error (undefined method `each' for nil:NilClass):
    35: 
    36: <%= form_tag movies_path, method: :get, id: 'ratings_form' do %>
    37:   Include:
    38:   <% @all_ratings.each do |rating| %>
    39:     <div class="form-check  form-check-inline">
    40:       <%= label_tag "ratings[#{rating}]", rating, class: 'form-check-label' %>
    41:       <%= check_box_tag "ratings[#{rating}]", "1",  @ratings_to_show.include?(rating), class: 'form-check-input' %>
  app/views/movies/index.html.erb:38:in `block in _app_views_movies_index_html_erb__1228033247758724440_69826850926560'
  app/views/movies/index.html.erb:36:in `_app_views_movies_index_html_erb__1228033247758724440_69826850926560'


  Rendered /home/codio/.rvm/gems/ruby-2.6.6/gems/actionpack-4.2.11/lib/action_dispatch/middleware/templates/rescues/_source.erb (6.0ms)
  Rendered /home/codio/.rvm/gems/ruby-2.6.6/gems/actionpack-4.2.11/lib/action_dispatch/middleware/templates/rescues/_trace.html.erb (2.4ms)
  Rendered /home/codio/.rvm/gems/ruby-2.6.6/gems/actionpack-4.2.11/lib/action_dispatch/middleware/templates/rescues/_request_and_response.html.erb (1.1ms)
  Rendered /home/codio/.rvm/gems/ruby-2.6.6/gems/actionpack-4.2.11/lib/action_dispatch/middleware/templates/rescues/template_error.html.erb within rescues/layout (16.5ms)


Started GET "/" for 2601:643:8680:9790::8cb at 2022-10-04 00:49:16 +0000
Cannot render console from 2601:643:8680:9790::8cb! Allowed networks: 127.0.0.1, ::1, 127.0.0.0/127.255.255.255
Processing by MoviesController#index as HTML
  [1m[36mMovie Load (0.2ms)[0m  [1mSELECT "movies".* FROM "movies"[0m
  Rendered movies/index.html.erb within layouts/application (4.0ms)
Completed 500 Internal Server Error in 5ms (ActiveRecord: 0.2ms)

ActionView::Template::Error (undefined method `each' for nil:NilClass):
    35: 
    36: <%= form_tag movies_path, method: :get, id: 'ratings_form' do %>
    37:   Include:
    38:   <% @all_ratings.each do |rating| %>
    39:     <div class="form-check  form-check-inline">
    40:       <%= label_tag "ratings[#{rating}]", rating, class: 'form-check-label' %>
    41:       <%= check_box_tag "ratings[#{rating}]", "1",  @ratings_to_show.include?(rating), class: 'form-check-input' %>
  app/views/movies/index.html.erb:38:in `block in _app_views_movies_index_html_erb__1228033247758724440_69826850926560'
  app/views/movies/index.html.erb:36:in `_app_views_movies_index_html_erb__1228033247758724440_69826850926560'


  Rendered /home/codio/.rvm/gems/ruby-2.6.6/gems/actionpack-4.2.11/lib/action_dispatch/middleware/templates/rescues/_source.erb (5.8ms)
  Rendered /home/codio/.rvm/gems/ruby-2.6.6/gems/actionpack-4.2.11/lib/action_dispatch/middleware/templates/rescues/_trace.html.erb (2.5ms)
  Rendered /home/codio/.rvm/gems/ruby-2.6.6/gems/actionpack-4.2.11/lib/action_dispatch/middleware/templates/rescues/_request_and_response.html.erb (0.9ms)
  Rendered /home/codio/.rvm/gems/ruby-2.6.6/gems/actionpack-4.2.11/lib/action_dispatch/middleware/templates/rescues/template_error.html.erb within rescues/layout (16.1ms)


Started GET "/" for 2601:643:8680:9790::8cb at 2022-10-04 00:54:57 +0000
Cannot render console from 2601:643:8680:9790::8cb! Allowed networks: 127.0.0.1, ::1, 127.0.0.0/127.255.255.255
Processing by MoviesController#index as HTML
  [1m[35mMovie Load (0.3ms)[0m  SELECT "movies".* FROM "movies"
  Rendered movies/index.html.erb within layouts/application (7.0ms)
Completed 500 Internal Server Error in 11ms (ActiveRecord: 0.5ms)

ActionView::Template::Error (undefined method `each' for nil:NilClass):
    35: 
    36: <%= form_tag movies_path, method: :get, id: 'ratings_form' do %>
    37:   Include:
    38:   <% @all_ratings.each do |rating| %>
    39:     <div class="form-check  form-check-inline">
    40:       <%= label_tag "ratings[#{rating}]", rating, class: 'form-check-label' %>
    41:       <%= check_box_tag "ratings[#{rating}]", "1",  @ratings_to_show.include?(rating), class: 'form-check-input' %>
  app/views/movies/index.html.erb:38:in `block in _app_views_movies_index_html_erb__1228033247758724440_69826850926560'
  app/views/movies/index.html.erb:36:in `_app_views_movies_index_html_erb__1228033247758724440_69826850926560'


  Rendered /home/codio/.rvm/gems/ruby-2.6.6/gems/actionpack-4.2.11/lib/action_dispatch/middleware/templates/rescues/_source.erb (5.7ms)
  Rendered /home/codio/.rvm/gems/ruby-2.6.6/gems/actionpack-4.2.11/lib/action_dispatch/middleware/templates/rescues/_trace.html.erb (2.4ms)
  Rendered /home/codio/.rvm/gems/ruby-2.6.6/gems/actionpack-4.2.11/lib/action_dispatch/middleware/templates/rescues/_request_and_response.html.erb (1.0ms)
  Rendered /home/codio/.rvm/gems/ruby-2.6.6/gems/actionpack-4.2.11/lib/action_dispatch/middleware/templates/rescues/template_error.html.erb within rescues/layout (16.2ms)


Started GET "/" for 2601:643:8680:9790::8cb at 2022-10-04 00:56:24 +0000
Cannot render console from 2601:643:8680:9790::8cb! Allowed networks: 127.0.0.1, ::1, 127.0.0.0/127.255.255.255
Processing by MoviesController#index as HTML
  [1m[36mMovie Load (0.3ms)[0m  [1mSELECT "movies".* FROM "movies"[0m
  Rendered movies/index.html.erb within layouts/application (7.4ms)
Completed 500 Internal Server Error in 12ms (ActiveRecord: 0.5ms)

ActionView::Template::Error (undefined method `each' for nil:NilClass):
    35: 
    36: <%= form_tag movies_path, method: :get, id: 'ratings_form' do %>
    37:   Include:
    38:   <% @all_ratings.each do |rating| %>
    39:     <div class="form-check  form-check-inline">
    40:       <%= label_tag "ratings[#{rating}]", rating, class: 'form-check-label' %>
    41:       <%= check_box_tag "ratings[#{rating}]", "1",  @ratings_to_show.include?(rating), class: 'form-check-input' %>
  app/views/movies/index.html.erb:38:in `block in _app_views_movies_index_html_erb__1228033247758724440_69826850926560'
  app/views/movies/index.html.erb:36:in `_app_views_movies_index_html_erb__1228033247758724440_69826850926560'


  Rendered /home/codio/.rvm/gems/ruby-2.6.6/gems/actionpack-4.2.11/lib/action_dispatch/middleware/templates/rescues/_source.erb (6.0ms)
  Rendered /home/codio/.rvm/gems/ruby-2.6.6/gems/actionpack-4.2.11/lib/action_dispatch/middleware/templates/rescues/_trace.html.erb (2.5ms)
  Rendered /home/codio/.rvm/gems/ruby-2.6.6/gems/actionpack-4.2.11/lib/action_dispatch/middleware/templates/rescues/_request_and_response.html.erb (1.3ms)
  Rendered /home/codio/.rvm/gems/ruby-2.6.6/gems/actionpack-4.2.11/lib/action_dispatch/middleware/templates/rescues/template_error.html.erb within rescues/layout (18.0ms)


Started GET "/" for 2601:643:8680:9790::8cb at 2022-10-04 00:56:36 +0000
Cannot render console from 2601:643:8680:9790::8cb! Allowed networks: 127.0.0.1, ::1, 127.0.0.0/127.255.255.255
Processing by MoviesController#index as HTML
  [1m[35mMovie Load (0.2ms)[0m  SELECT "movies".* FROM "movies"
  Rendered movies/index.html.erb within layouts/application (3.9ms)
Completed 500 Internal Server Error in 5ms (ActiveRecord: 0.2ms)

ActionView::Template::Error (undefined method `each' for nil:NilClass):
    35: 
    36: <%= form_tag movies_path, method: :get, id: 'ratings_form' do %>
    37:   Include:
    38:   <% @all_ratings.each do |rating| %>
    39:     <div class="form-check  form-check-inline">
    40:       <%= label_tag "ratings[#{rating}]", rating, class: 'form-check-label' %>
    41:       <%= check_box_tag "ratings[#{rating}]", "1",  @ratings_to_show.include?(rating), class: 'form-check-input' %>
  app/views/movies/index.html.erb:38:in `block in _app_views_movies_index_html_erb__1228033247758724440_69826850926560'
  app/views/movies/index.html.erb:36:in `_app_views_movies_index_html_erb__1228033247758724440_69826850926560'


  Rendered /home/codio/.rvm/gems/ruby-2.6.6/gems/actionpack-4.2.11/lib/action_dispatch/middleware/templates/rescues/_source.erb (6.0ms)
  Rendered /home/codio/.rvm/gems/ruby-2.6.6/gems/actionpack-4.2.11/lib/action_dispatch/middleware/templates/rescues/_trace.html.erb (2.4ms)
  Rendered /home/codio/.rvm/gems/ruby-2.6.6/gems/actionpack-4.2.11/lib/action_dispatch/middleware/templates/rescues/_request_and_response.html.erb (1.1ms)
  Rendered /home/codio/.rvm/gems/ruby-2.6.6/gems/actionpack-4.2.11/lib/action_dispatch/middleware/templates/rescues/template_error.html.erb within rescues/layout (17.2ms)


Started GET "/" for 2601:643:8680:9790::8cb at 2022-10-04 01:02:37 +0000
Cannot render console from 2601:643:8680:9790::8cb! Allowed networks: 127.0.0.1, ::1, 127.0.0.0/127.255.255.255
Processing by MoviesController#index as HTML
  [1m[36mMovie Load (0.4ms)[0m  [1mSELECT "movies".* FROM "movies"[0m
  Rendered movies/index.html.erb within layouts/application (10.5ms)
Completed 500 Internal Server Error in 16ms (ActiveRecord: 0.7ms)

ActionView::Template::Error (undefined method `each' for nil:NilClass):
    35: 
    36: <%= form_tag movies_path, method: :get, id: 'ratings_form' do %>
    37:   Include:
    38:   <% @all_ratings.each do |rating| %>
    39:     <div class="form-check  form-check-inline">
    40:       <%= label_tag "ratings[#{rating}]", rating, class: 'form-check-label' %>
    41:       <%= check_box_tag "ratings[#{rating}]", "1",  @ratings_to_show.include?(rating), class: 'form-check-input' %>
  app/views/movies/index.html.erb:38:in `block in _app_views_movies_index_html_erb__1228033247758724440_69826850926560'
  app/views/movies/index.html.erb:36:in `_app_views_movies_index_html_erb__1228033247758724440_69826850926560'


  Rendered /home/codio/.rvm/gems/ruby-2.6.6/gems/actionpack-4.2.11/lib/action_dispatch/middleware/templates/rescues/_source.erb (6.0ms)
  Rendered /home/codio/.rvm/gems/ruby-2.6.6/gems/actionpack-4.2.11/lib/action_dispatch/middleware/templates/rescues/_trace.html.erb (2.5ms)
  Rendered /home/codio/.rvm/gems/ruby-2.6.6/gems/actionpack-4.2.11/lib/action_dispatch/middleware/templates/rescues/_request_and_response.html.erb (1.1ms)
  Rendered /home/codio/.rvm/gems/ruby-2.6.6/gems/actionpack-4.2.11/lib/action_dispatch/middleware/templates/rescues/template_error.html.erb within rescues/layout (17.2ms)


Started GET "/" for 2601:643:8680:9790::8cb at 2022-10-04 01:03:19 +0000
Cannot render console from 2601:643:8680:9790::8cb! Allowed networks: 127.0.0.1, ::1, 127.0.0.0/127.255.255.255
Processing by MoviesController#index as HTML
  [1m[35mMovie Load (0.2ms)[0m  SELECT "movies".* FROM "movies"
  Rendered movies/index.html.erb within layouts/application (3.6ms)
Completed 500 Internal Server Error in 5ms (ActiveRecord: 0.2ms)

ActionView::Template::Error (undefined method `each' for nil:NilClass):
    35: 
    36: <%= form_tag movies_path, method: :get, id: 'ratings_form' do %>
    37:   Include:
    38:   <% @all_ratings.each do |rating| %>
    39:     <div class="form-check  form-check-inline">
    40:       <%= label_tag "ratings[#{rating}]", rating, class: 'form-check-label' %>
    41:       <%= check_box_tag "ratings[#{rating}]", "1",  @ratings_to_show.include?(rating), class: 'form-check-input' %>
  app/views/movies/index.html.erb:38:in `block in _app_views_movies_index_html_erb__1228033247758724440_69826850926560'
  app/views/movies/index.html.erb:36:in `_app_views_movies_index_html_erb__1228033247758724440_69826850926560'


  Rendered /home/codio/.rvm/gems/ruby-2.6.6/gems/actionpack-4.2.11/lib/action_dispatch/middleware/templates/rescues/_source.erb (6.2ms)
  Rendered /home/codio/.rvm/gems/ruby-2.6.6/gems/actionpack-4.2.11/lib/action_dispatch/middleware/templates/rescues/_trace.html.erb (2.6ms)
  Rendered /home/codio/.rvm/gems/ruby-2.6.6/gems/actionpack-4.2.11/lib/action_dispatch/middleware/templates/rescues/_request_and_response.html.erb (0.9ms)
  Rendered /home/codio/.rvm/gems/ruby-2.6.6/gems/actionpack-4.2.11/lib/action_dispatch/middleware/templates/rescues/template_error.html.erb within rescues/layout (17.4ms)


Started GET "/" for 2601:643:8680:9790::8cb at 2022-10-04 01:03:30 +0000
Cannot render console from 2601:643:8680:9790::8cb! Allowed networks: 127.0.0.1, ::1, 127.0.0.0/127.255.255.255
Processing by MoviesController#index as HTML
  [1m[36mMovie Load (0.2ms)[0m  [1mSELECT "movies".* FROM "movies"[0m
  Rendered movies/index.html.erb within layouts/application (3.4ms)
Completed 500 Internal Server Error in 4ms (ActiveRecord: 0.2ms)

ActionView::Template::Error (undefined method `each' for nil:NilClass):
    35: 
    36: <%= form_tag movies_path, method: :get, id: 'ratings_form' do %>
    37:   Include:
    38:   <% @all_ratings.each do |rating| %>
    39:     <div class="form-check  form-check-inline">
    40:       <%= label_tag "ratings[#{rating}]", rating, class: 'form-check-label' %>
    41:       <%= check_box_tag "ratings[#{rating}]", "1",  @ratings_to_show.include?(rating), class: 'form-check-input' %>
  app/views/movies/index.html.erb:38:in `block in _app_views_movies_index_html_erb__1228033247758724440_69826850926560'
  app/views/movies/index.html.erb:36:in `_app_views_movies_index_html_erb__1228033247758724440_69826850926560'


  Rendered /home/codio/.rvm/gems/ruby-2.6.6/gems/actionpack-4.2.11/lib/action_dispatch/middleware/templates/rescues/_source.erb (6.0ms)
  Rendered /home/codio/.rvm/gems/ruby-2.6.6/gems/actionpack-4.2.11/lib/action_dispatch/middleware/templates/rescues/_trace.html.erb (2.7ms)
  Rendered /home/codio/.rvm/gems/ruby-2.6.6/gems/actionpack-4.2.11/lib/action_dispatch/middleware/templates/rescues/_request_and_response.html.erb (1.1ms)
  Rendered /home/codio/.rvm/gems/ruby-2.6.6/gems/actionpack-4.2.11/lib/action_dispatch/middleware/templates/rescues/template_error.html.erb within rescues/layout (17.2ms)


Started GET "/" for 2601:643:8680:9790::8cb at 2022-10-04 01:10:16 +0000
Cannot render console from 2601:643:8680:9790::8cb! Allowed networks: 127.0.0.1, ::1, 127.0.0.0/127.255.255.255
Processing by MoviesController#index as HTML
  [1m[35mMovie Load (0.3ms)[0m  SELECT "movies".* FROM "movies"
  Rendered movies/index.html.erb within layouts/application (7.6ms)
Completed 500 Internal Server Error in 12ms (ActiveRecord: 0.5ms)

ActionView::Template::Error (undefined method `each' for nil:NilClass):
    35: 
    36: <%= form_tag movies_path, method: :get, id: 'ratings_form' do %>
    37:   Include:
    38:   <% @all_ratings.each do |rating| %>
    39:     <div class="form-check  form-check-inline">
    40:       <%= label_tag "ratings[#{rating}]", rating, class: 'form-check-label' %>
    41:       <%= check_box_tag "ratings[#{rating}]", "1",  @ratings_to_show.include?(rating), class: 'form-check-input' %>
  app/views/movies/index.html.erb:38:in `block in _app_views_movies_index_html_erb__1228033247758724440_69826850926560'
  app/views/movies/index.html.erb:36:in `_app_views_movies_index_html_erb__1228033247758724440_69826850926560'


  Rendered /home/codio/.rvm/gems/ruby-2.6.6/gems/actionpack-4.2.11/lib/action_dispatch/middleware/templates/rescues/_source.erb (6.0ms)
  Rendered /home/codio/.rvm/gems/ruby-2.6.6/gems/actionpack-4.2.11/lib/action_dispatch/middleware/templates/rescues/_trace.html.erb (2.5ms)
  Rendered /home/codio/.rvm/gems/ruby-2.6.6/gems/actionpack-4.2.11/lib/action_dispatch/middleware/templates/rescues/_request_and_response.html.erb (1.1ms)
  Rendered /home/codio/.rvm/gems/ruby-2.6.6/gems/actionpack-4.2.11/lib/action_dispatch/middleware/templates/rescues/template_error.html.erb within rescues/layout (16.5ms)


Started GET "/" for 2601:643:8680:9790::8cb at 2022-10-04 01:11:44 +0000
Cannot render console from 2601:643:8680:9790::8cb! Allowed networks: 127.0.0.1, ::1, 127.0.0.0/127.255.255.255
Processing by MoviesController#index as HTML
  [1m[36mMovie Load (0.4ms)[0m  [1mSELECT "movies".* FROM "movies"[0m
  Rendered movies/index.html.erb within layouts/application (7.3ms)
Completed 500 Internal Server Error in 12ms (ActiveRecord: 0.7ms)

ActionView::Template::Error (undefined method `each' for nil:NilClass):
    35: 
    36: <%= form_tag movies_path, method: :get, id: 'ratings_form' do %>
    37:   Include:
    38:   <% @all_ratings.each do |rating| %>
    39:     <div class="form-check  form-check-inline">
    40:       <%= label_tag "ratings[#{rating}]", rating, class: 'form-check-label' %>
    41:       <%= check_box_tag "ratings[#{rating}]", "1",  @ratings_to_show.include?(rating), class: 'form-check-input' %>
  app/views/movies/index.html.erb:38:in `block in _app_views_movies_index_html_erb__1228033247758724440_69826850926560'
  app/views/movies/index.html.erb:36:in `_app_views_movies_index_html_erb__1228033247758724440_69826850926560'


  Rendered /home/codio/.rvm/gems/ruby-2.6.6/gems/actionpack-4.2.11/lib/action_dispatch/middleware/templates/rescues/_source.erb (5.8ms)
  Rendered /home/codio/.rvm/gems/ruby-2.6.6/gems/actionpack-4.2.11/lib/action_dispatch/middleware/templates/rescues/_trace.html.erb (2.4ms)
  Rendered /home/codio/.rvm/gems/ruby-2.6.6/gems/actionpack-4.2.11/lib/action_dispatch/middleware/templates/rescues/_request_and_response.html.erb (1.0ms)
  Rendered /home/codio/.rvm/gems/ruby-2.6.6/gems/actionpack-4.2.11/lib/action_dispatch/middleware/templates/rescues/template_error.html.erb within rescues/layout (16.0ms)


Started GET "/" for 2601:643:8680:9790::8cb at 2022-10-04 01:13:17 +0000
Cannot render console from 2601:643:8680:9790::8cb! Allowed networks: 127.0.0.1, ::1, 127.0.0.0/127.255.255.255
Processing by MoviesController#index as HTML
  [1m[35mMovie Load (0.3ms)[0m  SELECT "movies".* FROM "movies"
  Rendered movies/index.html.erb within layouts/application (7.5ms)
Completed 500 Internal Server Error in 13ms (ActiveRecord: 0.6ms)

ActionView::Template::Error (undefined method `each' for nil:NilClass):
    35: 
    36: <%= form_tag movies_path, method: :get, id: 'ratings_form' do %>
    37:   Include:
    38:   <% @all_ratings.each do |rating| %>
    39:     <div class="form-check  form-check-inline">
    40:       <%= label_tag "ratings[#{rating}]", rating, class: 'form-check-label' %>
    41:       <%= check_box_tag "ratings[#{rating}]", "1",  @ratings_to_show.include?(rating), class: 'form-check-input' %>
  app/views/movies/index.html.erb:38:in `block in _app_views_movies_index_html_erb__1228033247758724440_69826850926560'
  app/views/movies/index.html.erb:36:in `_app_views_movies_index_html_erb__1228033247758724440_69826850926560'


  Rendered /home/codio/.rvm/gems/ruby-2.6.6/gems/actionpack-4.2.11/lib/action_dispatch/middleware/templates/rescues/_source.erb (5.8ms)
  Rendered /home/codio/.rvm/gems/ruby-2.6.6/gems/actionpack-4.2.11/lib/action_dispatch/middleware/templates/rescues/_trace.html.erb (2.5ms)
  Rendered /home/codio/.rvm/gems/ruby-2.6.6/gems/actionpack-4.2.11/lib/action_dispatch/middleware/templates/rescues/_request_and_response.html.erb (1.3ms)
  Rendered /home/codio/.rvm/gems/ruby-2.6.6/gems/actionpack-4.2.11/lib/action_dispatch/middleware/templates/rescues/template_error.html.erb within rescues/layout (17.2ms)


Started GET "/" for 2601:643:8680:9790::8cb at 2022-10-04 01:21:28 +0000
Cannot render console from 2601:643:8680:9790::8cb! Allowed networks: 127.0.0.1, ::1, 127.0.0.0/127.255.255.255

SyntaxError (/home/codio/workspace/rottenpotatoes-rails-intro/app/controllers/movies_controller.rb:51: syntax error, unexpected end-of-input, expecting end):
  app/controllers/movies_controller.rb:51: syntax error, unexpected end-of-input, expecting end


  Rendered /home/codio/.rvm/gems/ruby-2.6.6/gems/actionpack-4.2.11/lib/action_dispatch/middleware/templates/rescues/_source.erb (3.6ms)
  Rendered /home/codio/.rvm/gems/ruby-2.6.6/gems/actionpack-4.2.11/lib/action_dispatch/middleware/templates/rescues/_trace.html.erb (1.9ms)
  Rendered /home/codio/.rvm/gems/ruby-2.6.6/gems/actionpack-4.2.11/lib/action_dispatch/middleware/templates/rescues/_request_and_response.html.erb (1.2ms)
  Rendered /home/codio/.rvm/gems/ruby-2.6.6/gems/actionpack-4.2.11/lib/action_dispatch/middleware/templates/rescues/diagnostics.html.erb within rescues/layout (14.1ms)


Started GET "/" for 2601:643:8680:9790::8cb at 2022-10-04 01:21:35 +0000
Cannot render console from 2601:643:8680:9790::8cb! Allowed networks: 127.0.0.1, ::1, 127.0.0.0/127.255.255.255
Processing by MoviesController#index as HTML
  [1m[36mMovie Load (0.3ms)[0m  [1mSELECT "movies".* FROM "movies"[0m
  Rendered movies/index.html.erb within layouts/application (8.4ms)
Completed 500 Internal Server Error in 13ms (ActiveRecord: 0.6ms)

ActionView::Template::Error (undefined method `each' for nil:NilClass):
    35: 
    36: <%= form_tag movies_path, method: :get, id: 'ratings_form' do %>
    37:   Include:
    38:   <% @all_ratings.each do |rating| %>
    39:     <div class="form-check  form-check-inline">
    40:       <%= label_tag "ratings[#{rating}]", rating, class: 'form-check-label' %>
    41:       <%= check_box_tag "ratings[#{rating}]", "1",  @ratings_to_show.include?(rating), class: 'form-check-input' %>
  app/views/movies/index.html.erb:38:in `block in _app_views_movies_index_html_erb__1228033247758724440_69826850926560'
  app/views/movies/index.html.erb:36:in `_app_views_movies_index_html_erb__1228033247758724440_69826850926560'


  Rendered /home/codio/.rvm/gems/ruby-2.6.6/gems/actionpack-4.2.11/lib/action_dispatch/middleware/templates/rescues/_source.erb (5.6ms)
  Rendered /home/codio/.rvm/gems/ruby-2.6.6/gems/actionpack-4.2.11/lib/action_dispatch/middleware/templates/rescues/_trace.html.erb (2.4ms)
  Rendered /home/codio/.rvm/gems/ruby-2.6.6/gems/actionpack-4.2.11/lib/action_dispatch/middleware/templates/rescues/_request_and_response.html.erb (1.1ms)
  Rendered /home/codio/.rvm/gems/ruby-2.6.6/gems/actionpack-4.2.11/lib/action_dispatch/middleware/templates/rescues/template_error.html.erb within rescues/layout (16.4ms)


Started GET "/" for 2601:643:8680:9790::8cb at 2022-10-04 01:22:07 +0000
Cannot render console from 2601:643:8680:9790::8cb! Allowed networks: 127.0.0.1, ::1, 127.0.0.0/127.255.255.255
Processing by MoviesController#index as HTML
  [1m[35mMovie Load (0.3ms)[0m  SELECT "movies".* FROM "movies"
  Rendered movies/index.html.erb within layouts/application (6.8ms)
Completed 500 Internal Server Error in 11ms (ActiveRecord: 0.5ms)

ActionView::Template::Error (undefined method `each' for nil:NilClass):
    35: 
    36: <%= form_tag movies_path, method: :get, id: 'ratings_form' do %>
    37:   Include:
    38:   <% @all_ratings.each do |rating| %>
    39:     <div class="form-check  form-check-inline">
    40:       <%= label_tag "ratings[#{rating}]", rating, class: 'form-check-label' %>
    41:       <%= check_box_tag "ratings[#{rating}]", "1",  @ratings_to_show.include?(rating), class: 'form-check-input' %>
  app/views/movies/index.html.erb:38:in `block in _app_views_movies_index_html_erb__1228033247758724440_69826850926560'
  app/views/movies/index.html.erb:36:in `_app_views_movies_index_html_erb__1228033247758724440_69826850926560'


  Rendered /home/codio/.rvm/gems/ruby-2.6.6/gems/actionpack-4.2.11/lib/action_dispatch/middleware/templates/rescues/_source.erb (5.6ms)
  Rendered /home/codio/.rvm/gems/ruby-2.6.6/gems/actionpack-4.2.11/lib/action_dispatch/middleware/templates/rescues/_trace.html.erb (2.6ms)
  Rendered /home/codio/.rvm/gems/ruby-2.6.6/gems/actionpack-4.2.11/lib/action_dispatch/middleware/templates/rescues/_request_and_response.html.erb (0.9ms)
  Rendered /home/codio/.rvm/gems/ruby-2.6.6/gems/actionpack-4.2.11/lib/action_dispatch/middleware/templates/rescues/template_error.html.erb within rescues/layout (16.0ms)


Started GET "/" for 2601:643:8680:9790::8cb at 2022-10-04 01:25:02 +0000
Cannot render console from 2601:643:8680:9790::8cb! Allowed networks: 127.0.0.1, ::1, 127.0.0.0/127.255.255.255
Processing by MoviesController#index as HTML
Completed 500 Internal Server Error in 1ms (ActiveRecord: 0.0ms)

SyntaxError (/home/codio/workspace/rottenpotatoes-rails-intro/app/models/movie.rb:2: syntax error, unexpected '=', expecting end
    scope :all_ratings = ['G','PG','PG-13','R']
                       ^):
  app/models/movie.rb:2: syntax error, unexpected '=', expecting end
  app/controllers/movies_controller.rb:11:in `index'


  Rendered /home/codio/.rvm/gems/ruby-2.6.6/gems/actionpack-4.2.11/lib/action_dispatch/middleware/templates/rescues/_source.erb (4.5ms)
  Rendered /home/codio/.rvm/gems/ruby-2.6.6/gems/actionpack-4.2.11/lib/action_dispatch/middleware/templates/rescues/_trace.html.erb (2.1ms)
  Rendered /home/codio/.rvm/gems/ruby-2.6.6/gems/actionpack-4.2.11/lib/action_dispatch/middleware/templates/rescues/_request_and_response.html.erb (1.0ms)
  Rendered /home/codio/.rvm/gems/ruby-2.6.6/gems/actionpack-4.2.11/lib/action_dispatch/middleware/templates/rescues/diagnostics.html.erb within rescues/layout (14.8ms)


Started GET "/" for 2601:643:8680:9790::8cb at 2022-10-04 01:25:16 +0000
Cannot render console from 2601:643:8680:9790::8cb! Allowed networks: 127.0.0.1, ::1, 127.0.0.0/127.255.255.255
Processing by MoviesController#index as HTML
Completed 500 Internal Server Error in 2ms (ActiveRecord: 0.0ms)

ArgumentError (The scope body needs to be callable.):
  app/models/movie.rb:2:in `<class:Movie>'
  app/models/movie.rb:1:in `<top (required)>'
  app/controllers/movies_controller.rb:11:in `index'


  Rendered /home/codio/.rvm/gems/ruby-2.6.6/gems/actionpack-4.2.11/lib/action_dispatch/middleware/templates/rescues/_source.erb (5.2ms)
  Rendered /home/codio/.rvm/gems/ruby-2.6.6/gems/actionpack-4.2.11/lib/action_dispatch/middleware/templates/rescues/_trace.html.erb (2.7ms)
  Rendered /home/codio/.rvm/gems/ruby-2.6.6/gems/actionpack-4.2.11/lib/action_dispatch/middleware/templates/rescues/_request_and_response.html.erb (1.2ms)
  Rendered /home/codio/.rvm/gems/ruby-2.6.6/gems/actionpack-4.2.11/lib/action_dispatch/middleware/templates/rescues/diagnostics.html.erb within rescues/layout (16.6ms)


Started GET "/" for 2601:643:8680:9790::8cb at 2022-10-04 01:26:43 +0000
Cannot render console from 2601:643:8680:9790::8cb! Allowed networks: 127.0.0.1, ::1, 127.0.0.0/127.255.255.255
Processing by MoviesController#index as HTML
Completed 500 Internal Server Error in 1ms (ActiveRecord: 0.0ms)

TypeError (no implicit conversion of String into Integer):
  app/models/movie.rb:2:in `[]'
  app/models/movie.rb:2:in `<class:Movie>'
  app/models/movie.rb:1:in `<top (required)>'
  app/controllers/movies_controller.rb:11:in `index'


  Rendered /home/codio/.rvm/gems/ruby-2.6.6/gems/actionpack-4.2.11/lib/action_dispatch/middleware/templates/rescues/_source.erb (4.7ms)
  Rendered /home/codio/.rvm/gems/ruby-2.6.6/gems/actionpack-4.2.11/lib/action_dispatch/middleware/templates/rescues/_trace.html.erb (2.0ms)
  Rendered /home/codio/.rvm/gems/ruby-2.6.6/gems/actionpack-4.2.11/lib/action_dispatch/middleware/templates/rescues/_request_and_response.html.erb (1.0ms)
  Rendered /home/codio/.rvm/gems/ruby-2.6.6/gems/actionpack-4.2.11/lib/action_dispatch/middleware/templates/rescues/diagnostics.html.erb within rescues/layout (14.5ms)


Started GET "/" for 2601:643:8680:9790::8cb at 2022-10-04 01:27:00 +0000
Cannot render console from 2601:643:8680:9790::8cb! Allowed networks: 127.0.0.1, ::1, 127.0.0.0/127.255.255.255
Processing by MoviesController#index as HTML
Completed 500 Internal Server Error in 1ms (ActiveRecord: 0.0ms)

TypeError (no implicit conversion of String into Integer):
  app/models/movie.rb:2:in `[]'
  app/models/movie.rb:2:in `<class:Movie>'
  app/models/movie.rb:1:in `<top (required)>'
  app/controllers/movies_controller.rb:11:in `index'


  Rendered /home/codio/.rvm/gems/ruby-2.6.6/gems/actionpack-4.2.11/lib/action_dispatch/middleware/templates/rescues/_source.erb (4.6ms)
  Rendered /home/codio/.rvm/gems/ruby-2.6.6/gems/actionpack-4.2.11/lib/action_dispatch/middleware/templates/rescues/_trace.html.erb (2.1ms)
  Rendered /home/codio/.rvm/gems/ruby-2.6.6/gems/actionpack-4.2.11/lib/action_dispatch/middleware/templates/rescues/_request_and_response.html.erb (1.0ms)
  Rendered /home/codio/.rvm/gems/ruby-2.6.6/gems/actionpack-4.2.11/lib/action_dispatch/middleware/templates/rescues/diagnostics.html.erb within rescues/layout (14.6ms)


Started GET "/" for 2601:643:8680:9790::8cb at 2022-10-04 01:27:20 +0000
Cannot render console from 2601:643:8680:9790::8cb! Allowed networks: 127.0.0.1, ::1, 127.0.0.0/127.255.255.255
Processing by MoviesController#index as HTML
Completed 500 Internal Server Error in 2ms (ActiveRecord: 0.0ms)

TypeError (no implicit conversion of String into Integer):
  app/models/movie.rb:2:in `[]'
  app/models/movie.rb:2:in `<class:Movie>'
  app/models/movie.rb:1:in `<top (required)>'
  app/controllers/movies_controller.rb:11:in `index'


  Rendered /home/codio/.rvm/gems/ruby-2.6.6/gems/actionpack-4.2.11/lib/action_dispatch/middleware/templates/rescues/_source.erb (4.8ms)
  Rendered /home/codio/.rvm/gems/ruby-2.6.6/gems/actionpack-4.2.11/lib/action_dispatch/middleware/templates/rescues/_trace.html.erb (2.2ms)
  Rendered /home/codio/.rvm/gems/ruby-2.6.6/gems/actionpack-4.2.11/lib/action_dispatch/middleware/templates/rescues/_request_and_response.html.erb (1.4ms)
  Rendered /home/codio/.rvm/gems/ruby-2.6.6/gems/actionpack-4.2.11/lib/action_dispatch/middleware/templates/rescues/diagnostics.html.erb within rescues/layout (16.2ms)


Started GET "/" for 2601:643:8680:9790::8cb at 2022-10-04 01:27:45 +0000
Cannot render console from 2601:643:8680:9790::8cb! Allowed networks: 127.0.0.1, ::1, 127.0.0.0/127.255.255.255
Processing by MoviesController#index as HTML
Completed 500 Internal Server Error in 1ms (ActiveRecord: 0.0ms)

TypeError (no implicit conversion of String into Integer):
  app/models/movie.rb:2:in `[]'
  app/models/movie.rb:2:in `<class:Movie>'
  app/models/movie.rb:1:in `<top (required)>'
  app/controllers/movies_controller.rb:11:in `index'


  Rendered /home/codio/.rvm/gems/ruby-2.6.6/gems/actionpack-4.2.11/lib/action_dispatch/middleware/templates/rescues/_source.erb (4.7ms)
  Rendered /home/codio/.rvm/gems/ruby-2.6.6/gems/actionpack-4.2.11/lib/action_dispatch/middleware/templates/rescues/_trace.html.erb (2.1ms)
  Rendered /home/codio/.rvm/gems/ruby-2.6.6/gems/actionpack-4.2.11/lib/action_dispatch/middleware/templates/rescues/_request_and_response.html.erb (1.2ms)
  Rendered /home/codio/.rvm/gems/ruby-2.6.6/gems/actionpack-4.2.11/lib/action_dispatch/middleware/templates/rescues/diagnostics.html.erb within rescues/layout (15.5ms)


Started GET "/" for 2601:643:8680:9790::8cb at 2022-10-04 01:28:02 +0000
Cannot render console from 2601:643:8680:9790::8cb! Allowed networks: 127.0.0.1, ::1, 127.0.0.0/127.255.255.255
Processing by MoviesController#index as HTML
Completed 500 Internal Server Error in 2ms (ActiveRecord: 0.0ms)

ArgumentError (The scope body needs to be callable.):
  app/models/movie.rb:2:in `<class:Movie>'
  app/models/movie.rb:1:in `<top (required)>'
  app/controllers/movies_controller.rb:11:in `index'


  Rendered /home/codio/.rvm/gems/ruby-2.6.6/gems/actionpack-4.2.11/lib/action_dispatch/middleware/templates/rescues/_source.erb (6.7ms)
  Rendered /home/codio/.rvm/gems/ruby-2.6.6/gems/actionpack-4.2.11/lib/action_dispatch/middleware/templates/rescues/_trace.html.erb (2.7ms)
  Rendered /home/codio/.rvm/gems/ruby-2.6.6/gems/actionpack-4.2.11/lib/action_dispatch/middleware/templates/rescues/_request_and_response.html.erb (1.8ms)
  Rendered /home/codio/.rvm/gems/ruby-2.6.6/gems/actionpack-4.2.11/lib/action_dispatch/middleware/templates/rescues/diagnostics.html.erb within rescues/layout (22.1ms)


Started GET "/" for 2601:643:8680:9790::8cb at 2022-10-04 01:29:05 +0000
Cannot render console from 2601:643:8680:9790::8cb! Allowed networks: 127.0.0.1, ::1, 127.0.0.0/127.255.255.255
Processing by MoviesController#index as HTML
Completed 500 Internal Server Error in 3ms (ActiveRecord: 0.0ms)

ArgumentError (The scope body needs to be callable.):
  app/models/movie.rb:2:in `<class:Movie>'
  app/models/movie.rb:1:in `<top (required)>'
  app/controllers/movies_controller.rb:11:in `index'


  Rendered /home/codio/.rvm/gems/ruby-2.6.6/gems/actionpack-4.2.11/lib/action_dispatch/middleware/templates/rescues/_source.erb (8.1ms)
  Rendered /home/codio/.rvm/gems/ruby-2.6.6/gems/actionpack-4.2.11/lib/action_dispatch/middleware/templates/rescues/_trace.html.erb (2.9ms)
  Rendered /home/codio/.rvm/gems/ruby-2.6.6/gems/actionpack-4.2.11/lib/action_dispatch/middleware/templates/rescues/_request_and_response.html.erb (1.6ms)
  Rendered /home/codio/.rvm/gems/ruby-2.6.6/gems/actionpack-4.2.11/lib/action_dispatch/middleware/templates/rescues/diagnostics.html.erb within rescues/layout (24.0ms)


Started GET "/" for 2601:643:8680:9790::8cb at 2022-10-04 01:29:13 +0000
Cannot render console from 2601:643:8680:9790::8cb! Allowed networks: 127.0.0.1, ::1, 127.0.0.0/127.255.255.255
Processing by MoviesController#index as HTML
  [1m[36mMovie Load (0.5ms)[0m  [1mSELECT "movies".* FROM "movies"[0m
  Rendered movies/index.html.erb within layouts/application (8.3ms)
Completed 500 Internal Server Error in 17ms (ActiveRecord: 0.8ms)

ActionView::Template::Error (undefined method `each' for nil:NilClass):
    35: 
    36: <%= form_tag movies_path, method: :get, id: 'ratings_form' do %>
    37:   Include:
    38:   <% @all_ratings.each do |rating| %>
    39:     <div class="form-check  form-check-inline">
    40:       <%= label_tag "ratings[#{rating}]", rating, class: 'form-check-label' %>
    41:       <%= check_box_tag "ratings[#{rating}]", "1",  @ratings_to_show.include?(rating), class: 'form-check-input' %>
  app/views/movies/index.html.erb:38:in `block in _app_views_movies_index_html_erb__1228033247758724440_69826850926560'
  app/views/movies/index.html.erb:36:in `_app_views_movies_index_html_erb__1228033247758724440_69826850926560'


  Rendered /home/codio/.rvm/gems/ruby-2.6.6/gems/actionpack-4.2.11/lib/action_dispatch/middleware/templates/rescues/_source.erb (6.8ms)
  Rendered /home/codio/.rvm/gems/ruby-2.6.6/gems/actionpack-4.2.11/lib/action_dispatch/middleware/templates/rescues/_trace.html.erb (2.8ms)
  Rendered /home/codio/.rvm/gems/ruby-2.6.6/gems/actionpack-4.2.11/lib/action_dispatch/middleware/templates/rescues/_request_and_response.html.erb (1.5ms)
  Rendered /home/codio/.rvm/gems/ruby-2.6.6/gems/actionpack-4.2.11/lib/action_dispatch/middleware/templates/rescues/template_error.html.erb within rescues/layout (20.8ms)


Started GET "/" for 2601:643:8680:9790::8cb at 2022-10-04 01:40:01 +0000
Cannot render console from 2601:643:8680:9790::8cb! Allowed networks: 127.0.0.1, ::1, 127.0.0.0/127.255.255.255
Processing by MoviesController#index as HTML
  [1m[35mMovie Load (0.3ms)[0m  SELECT "movies".* FROM "movies"
  Rendered movies/index.html.erb within layouts/application (11.9ms)
Completed 500 Internal Server Error in 21ms (ActiveRecord: 0.9ms)

ActionView::Template::Error (undefined method `each' for nil:NilClass):
    35: 
    36: <%= form_tag movies_path, method: :get, id: 'ratings_form' do %>
    37:   Include:
    38:   <% @all_ratings.each do |rating| %>
    39:     <div class="form-check  form-check-inline">
    40:       <%= label_tag "ratings[#{rating}]", rating, class: 'form-check-label' %>
    41:       <%= check_box_tag "ratings[#{rating}]", "1",  @ratings_to_show.include?(rating), class: 'form-check-input' %>
  app/views/movies/index.html.erb:38:in `block in _app_views_movies_index_html_erb__1228033247758724440_69826850926560'
  app/views/movies/index.html.erb:36:in `_app_views_movies_index_html_erb__1228033247758724440_69826850926560'


  Rendered /home/codio/.rvm/gems/ruby-2.6.6/gems/actionpack-4.2.11/lib/action_dispatch/middleware/templates/rescues/_source.erb (7.0ms)
  Rendered /home/codio/.rvm/gems/ruby-2.6.6/gems/actionpack-4.2.11/lib/action_dispatch/middleware/templates/rescues/_trace.html.erb (2.8ms)
  Rendered /home/codio/.rvm/gems/ruby-2.6.6/gems/actionpack-4.2.11/lib/action_dispatch/middleware/templates/rescues/_request_and_response.html.erb (1.7ms)
  Rendered /home/codio/.rvm/gems/ruby-2.6.6/gems/actionpack-4.2.11/lib/action_dispatch/middleware/templates/rescues/template_error.html.erb within rescues/layout (20.6ms)


Started GET "/" for 2601:643:8680:9790::8cb at 2022-10-04 01:40:52 +0000
Cannot render console from 2601:643:8680:9790::8cb! Allowed networks: 127.0.0.1, ::1, 127.0.0.0/127.255.255.255
Processing by MoviesController#index as HTML
  [1m[36mMovie Load (0.3ms)[0m  [1mSELECT "movies".* FROM "movies"[0m
  Rendered movies/index.html.erb within layouts/application (8.8ms)
Completed 500 Internal Server Error in 15ms (ActiveRecord: 0.6ms)

ActionView::Template::Error (undefined method `each' for nil:NilClass):
    35: 
    36: <%= form_tag movies_path, method: :get, id: 'ratings_form' do %>
    37:   Include:
    38:   <% @all_ratings.each do |rating| %>
    39:     <div class="form-check  form-check-inline">
    40:       <%= label_tag "ratings[#{rating}]", rating, class: 'form-check-label' %>
    41:       <%= check_box_tag "ratings[#{rating}]", "1",  @ratings_to_show.include?(rating), class: 'form-check-input' %>
  app/views/movies/index.html.erb:38:in `block in _app_views_movies_index_html_erb__1228033247758724440_69826850926560'
  app/views/movies/index.html.erb:36:in `_app_views_movies_index_html_erb__1228033247758724440_69826850926560'


  Rendered /home/codio/.rvm/gems/ruby-2.6.6/gems/actionpack-4.2.11/lib/action_dispatch/middleware/templates/rescues/_source.erb (5.9ms)
  Rendered /home/codio/.rvm/gems/ruby-2.6.6/gems/actionpack-4.2.11/lib/action_dispatch/middleware/templates/rescues/_trace.html.erb (2.7ms)
  Rendered /home/codio/.rvm/gems/ruby-2.6.6/gems/actionpack-4.2.11/lib/action_dispatch/middleware/templates/rescues/_request_and_response.html.erb (1.6ms)
  Rendered /home/codio/.rvm/gems/ruby-2.6.6/gems/actionpack-4.2.11/lib/action_dispatch/middleware/templates/rescues/template_error.html.erb within rescues/layout (18.8ms)
